<?xml version="1.0" encoding="UTF-8"?>
<testng-results skipped="0" failed="0" total="1" passed="1">
  <reporter-output>
  </reporter-output>
  <suite name="Default suite" duration-ms="15575" started-at="2019-10-15T12:14:30Z" finished-at="2019-10-15T12:14:45Z">
    <groups>
    </groups>
    <test name="Default test" duration-ms="15575" started-at="2019-10-15T12:14:30Z" finished-at="2019-10-15T12:14:45Z">
      <class name="com.checkboxpractice.checkbox">
        <test-method status="PASS" signature="check()[pri:0, instance:com.checkboxpractice.checkbox@42d80b78]" name="check" duration-ms="15555" started-at="2019-10-15T17:44:30Z" finished-at="2019-10-15T17:44:45Z">
          <reporter-output>
          </reporter-output>
        </test-method> <!-- check -->
      </class> <!-- com.checkboxpractice.checkbox -->
    </test> <!-- Default test -->
  </suite> <!-- Default suite -->
</testng-results>
